<html>
<head>
<title>TestNG:  TmpTest</title>
<link href="../testng.css" rel="stylesheet" type="text/css" />
<link href="../my-testng.css" rel="stylesheet" type="text/css" />

<style type="text/css">
.log { display: none;} 
.stack-trace { display: none;} 
</style>
<script type="text/javascript">
<!--
function flip(e) {
  current = e.style.display;
  if (current == 'block') {
    e.style.display = 'none';
    return 0;
  }
  else {
    e.style.display = 'block';
    return 1;
  }
}

function toggleBox(szDivId, elem, msg1, msg2)
{
  var res = -1;  if (document.getElementById) {
    res = flip(document.getElementById(szDivId));
  }
  else if (document.all) {
    // this is the way old msie versions work
    res = flip(document.all[szDivId]);
  }
  if(elem) {
    if(res == 0) elem.innerHTML = msg1; else elem.innerHTML = msg2;
  }

}

function toggleAllBoxes() {
  if (document.getElementsByTagName) {
    d = document.getElementsByTagName('div');
    for (i = 0; i < d.length; i++) {
      if (d[i].className == 'log') {
        flip(d[i]);
      }
    }
  }
}

// -->
</script>

</head>
<body>
<h2 align='center'>TmpTest</h2><table border='1' align="center">
<tr>
<td>Tests passed/Failed/Skipped:</td><td>0/0/1</td>
</tr><tr>
<td>Started on:</td><td>Wed May 04 10:06:17 CST 2016</td>
</tr>
<tr><td>Total time:</td><td>0 seconds (15 ms)</td>
</tr><tr>
<td>Included groups:</td><td></td>
</tr><tr>
<td>Excluded groups:</td><td></td>
</tr>
</table><p/>
<small><i>(Hover the method name to see the test class name)</i></small><p/>
<table width='100%' border='1' class='invocation-skipped'>
<tr><td colspan='4' align='center'><b>SKIPPED TESTS</b></td></tr>
<tr><td><b>Test method</b></td>
<td width="30%"><b>Exception</b></td>
<td width="10%"><b>Time (seconds)</b></td>
<td><b>Instance</b></td>
</tr>
<tr>
<td title='com.creditease.xyuan.httpTest.test.testngRun.runTestCase()'><b>runTestCase</b><br>Test class: com.creditease.xyuan.httpTest.test.testngRun</td>
<td><div><pre>java.lang.RuntimeException: java.lang.NullPointerException
	at com.creditease.xyuan.httpTest.test.TestNGProcesser.runTestNG(TestNGProcesser.java:116)
	at com.creditease.xyuan.httpTest.test.TestNGProcesser.runSequenceTests(TestNGProcesser.java:88)
	at com.creditease.xyuan.httpTest.test.TestNGProcesser.test(TestNGProcesser.java:49)
	at com.creditease.xyuan.httpTest.test.TestNGProcesser.main(TestNGProcesser.java:25)
Caused by: java.lang.NullPointerException
	at com.creditease.xyuan.httpTest.Helper.ConfigHelper.&lt;init&gt;(ConfigHelper.java:22)
	at com.creditease.xyuan.httpTest.test.testngRun.getData(testngRun.java:14)
	... 21 more
... Removed 24 stack frames</pre></div><a href='#' onClick='toggleBox("stack-trace8472076", this, "Click to show all stack frames", "Click to hide stack frames")'>Click to show all stack frames</a>
<div class='stack-trace' id='stack-trace8472076'><pre>java.lang.RuntimeException: java.lang.NullPointerException
	at org.testng.internal.MethodInvocationHelper.invokeDataProvider(MethodInvocationHelper.java:162)
	at org.testng.internal.Parameters.handleParameters(Parameters.java:441)
	at org.testng.internal.Invoker.handleParameters(Invoker.java:1300)
	at org.testng.internal.Invoker.createParameters(Invoker.java:1015)
	at org.testng.internal.Invoker.invokeTestMethods(Invoker.java:1104)
	at org.testng.internal.TestMethodWorker.invokeTestMethods(TestMethodWorker.java:125)
	at org.testng.internal.TestMethodWorker.run(TestMethodWorker.java:108)
	at org.testng.TestRunner.privateRun(TestRunner.java:771)
	at org.testng.TestRunner.run(TestRunner.java:621)
	at org.testng.SuiteRunner.runTest(SuiteRunner.java:357)
	at org.testng.SuiteRunner.runSequentially(SuiteRunner.java:352)
	at org.testng.SuiteRunner.privateRun(SuiteRunner.java:310)
	at org.testng.SuiteRunner.run(SuiteRunner.java:259)
	at org.testng.SuiteRunnerWorker.runSuite(SuiteRunnerWorker.java:52)
	at org.testng.SuiteRunnerWorker.run(SuiteRunnerWorker.java:86)
	at org.testng.TestNG.runSuitesSequentially(TestNG.java:1199)
	at org.testng.TestNG.runSuitesLocally(TestNG.java:1124)
	at org.testng.TestNG.run(TestNG.java:1032)
	at com.creditease.xyuan.httpTest.test.TestNGProcesser.runTestNG(TestNGProcesser.java:116)
	at com.creditease.xyuan.httpTest.test.TestNGProcesser.runSequenceTests(TestNGProcesser.java:88)
	at com.creditease.xyuan.httpTest.test.TestNGProcesser.test(TestNGProcesser.java:49)
	at com.creditease.xyuan.httpTest.test.TestNGProcesser.main(TestNGProcesser.java:25)
Caused by: java.lang.NullPointerException
	at com.creditease.xyuan.httpTest.Helper.ConfigHelper.&lt;init&gt;(ConfigHelper.java:22)
	at com.creditease.xyuan.httpTest.test.testngRun.getData(testngRun.java:14)
	at sun.reflect.NativeMethodAccessorImpl.invoke0(Native Method)
	at sun.reflect.NativeMethodAccessorImpl.invoke(NativeMethodAccessorImpl.java:57)
	at sun.reflect.DelegatingMethodAccessorImpl.invoke(DelegatingMethodAccessorImpl.java:43)
	at java.lang.reflect.Method.invoke(Method.java:601)
	at org.testng.internal.MethodInvocationHelper.invokeMethod(MethodInvocationHelper.java:85)
	at org.testng.internal.MethodInvocationHelper.invokeDataProvider(MethodInvocationHelper.java:136)
	... 21 more
</pre></div></td>
<td>0</td>
<td>com.creditease.xyuan.httpTest.test.testngRun@1f1f35b</td></tr>
</table><p>
</body>
</html>